<?xml version="1.0" encoding="UTF-8"?>
<testng-results skipped="0" failed="0" ignored="0" total="1" passed="1">
  <reporter-output>
  </reporter-output>
  <suite name="Default suite" duration-ms="14739" started-at="2018-09-12T09:45:50Z" finished-at="2018-09-12T09:46:05Z">
    <groups>
    </groups>
    <test name="Default test" duration-ms="14739" started-at="2018-09-12T09:45:50Z" finished-at="2018-09-12T09:46:05Z">
      <class name="com.framework.test.ValidLogin">
        <test-method status="PASS" signature="BeforeMethod()[pri:0, instance:com.framework.test.ValidLogin@52f759d7]" name="BeforeMethod" is-config="true" duration-ms="8140" started-at="2018-09-12T09:45:50Z" finished-at="2018-09-12T09:45:58Z">
          <reporter-output>
          </reporter-output>
        </test-method> <!-- BeforeMethod -->
        <test-method status="PASS" signature="LoginApp()[pri:0, instance:com.framework.test.ValidLogin@52f759d7]" name="LoginApp" duration-ms="4953" started-at="2018-09-12T09:45:58Z" finished-at="2018-09-12T09:46:03Z">
          <reporter-output>
          </reporter-output>
        </test-method> <!-- LoginApp -->
        <test-method status="PASS" signature="AfterMethod()[pri:0, instance:com.framework.test.ValidLogin@52f759d7]" name="AfterMethod" is-config="true" duration-ms="1631" started-at="2018-09-12T09:46:03Z" finished-at="2018-09-12T09:46:05Z">
          <reporter-output>
          </reporter-output>
        </test-method> <!-- AfterMethod -->
      </class> <!-- com.framework.test.ValidLogin -->
    </test> <!-- Default test -->
  </suite> <!-- Default suite -->
</testng-results>
